{"/mnt/c/Users/STD/codefellows/401/401-data-structures-and-algorithms/challenges/arrayReverse/lib/array-reverse.js": {"path":"/mnt/c/Users/STD/codefellows/401/401-data-structures-and-algorithms/challenges/arrayReverse/lib/array-reverse.js","statementMap":{"0":{"start":{"line":18,"column":14},"end":{"line":18,"column":23}},"1":{"start":{"line":19,"column":4},"end":{"line":21,"column":5}},"2":{"start":{"line":19,"column":16},"end":{"line":19,"column":30}},"3":{"start":{"line":20,"column":8},"end":{"line":20,"column":27}},"4":{"start":{"line":22,"column":4},"end":{"line":22,"column":15}},"5":{"start":{"line":24,"column":0},"end":{"line":24,"column":28}}},"fnMap":{"0":{"name":"reverseArray","decl":{"start":{"line":17,"column":9},"end":{"line":17,"column":21}},"loc":{"start":{"line":17,"column":29},"end":{"line":23,"column":1}},"line":17}},"branchMap":{},"s":{"0":3,"1":3,"2":3,"3":60,"4":3,"5":1},"f":{"0":3},"b":{},"_coverageSchema":"1a1c01bbd47fc00a2c39e90264f33305004495a9","hash":"3a2891223aedbbd8da7dbcea2d45f8c32114ad6f"}
}
