{"/mnt/c/Users/STD/codefellows/401/401-data-structures-and-algorithms/challenges/linkedlist/node.js": {"path":"/mnt/c/Users/STD/codefellows/401/401-data-structures-and-algorithms/challenges/linkedlist/node.js","statementMap":{"0":{"start":{"line":3,"column":6},"end":{"line":3,"column":25}},"1":{"start":{"line":4,"column":6},"end":{"line":4,"column":23}},"2":{"start":{"line":7,"column":2},"end":{"line":7,"column":22}}},"fnMap":{"0":{"name":"(anonymous_0)","decl":{"start":{"line":2,"column":4},"end":{"line":2,"column":5}},"loc":{"start":{"line":2,"column":23},"end":{"line":5,"column":5}},"line":2}},"branchMap":{},"s":{"0":11,"1":11,"2":1},"f":{"0":11},"b":{},"_coverageSchema":"1a1c01bbd47fc00a2c39e90264f33305004495a9","hash":"71c9cd892152db73ac19056d2d85fd2c98ca1ad4"}
,"/mnt/c/Users/STD/codefellows/401/401-data-structures-and-algorithms/challenges/linkedlist/lib/linkedList.js": {"path":"/mnt/c/Users/STD/codefellows/401/401-data-structures-and-algorithms/challenges/linkedlist/lib/linkedList.js","statementMap":{"0":{"start":{"line":8,"column":11},"end":{"line":8,"column":29}},"1":{"start":{"line":11,"column":4},"end":{"line":11,"column":21}},"2":{"start":{"line":15,"column":15},"end":{"line":15,"column":24}},"3":{"start":{"line":16,"column":4},"end":{"line":16,"column":30}},"4":{"start":{"line":17,"column":4},"end":{"line":22,"column":5}},"5":{"start":{"line":18,"column":6},"end":{"line":20,"column":7}},"6":{"start":{"line":19,"column":7},"end":{"line":19,"column":19}},"7":{"start":{"line":21,"column":6},"end":{"line":21,"column":23}},"8":{"start":{"line":23,"column":4},"end":{"line":23,"column":17}},"9":{"start":{"line":28,"column":9},"end":{"line":28,"column":24}},"10":{"start":{"line":30,"column":0},"end":{"line":34,"column":1}},"11":{"start":{"line":32,"column":2},"end":{"line":32,"column":17}},"12":{"start":{"line":33,"column":2},"end":{"line":33,"column":14}},"13":{"start":{"line":35,"column":12},"end":{"line":35,"column":21}},"14":{"start":{"line":36,"column":0},"end":{"line":39,"column":1}},"15":{"start":{"line":38,"column":2},"end":{"line":38,"column":23}},"16":{"start":{"line":40,"column":0},"end":{"line":40,"column":18}},"17":{"start":{"line":41,"column":0},"end":{"line":41,"column":12}},"18":{"start":{"line":45,"column":13},"end":{"line":45,"column":22}},"19":{"start":{"line":46,"column":12},"end":{"line":46,"column":14}},"20":{"start":{"line":47,"column":2},"end":{"line":50,"column":3}},"21":{"start":{"line":48,"column":6},"end":{"line":48,"column":36}},"22":{"start":{"line":49,"column":6},"end":{"line":49,"column":23}},"23":{"start":{"line":51,"column":2},"end":{"line":51,"column":25}},"24":{"start":{"line":52,"column":2},"end":{"line":52,"column":13}},"25":{"start":{"line":55,"column":0},"end":{"line":55,"column":26}},"26":{"start":{"line":57,"column":11},"end":{"line":57,"column":27}},"27":{"start":{"line":58,"column":0},"end":{"line":58,"column":15}},"28":{"start":{"line":59,"column":0},"end":{"line":59,"column":15}},"29":{"start":{"line":60,"column":0},"end":{"line":60,"column":15}},"30":{"start":{"line":66,"column":0},"end":{"line":66,"column":27}}},"fnMap":{"0":{"name":"(anonymous_0)","decl":{"start":{"line":10,"column":2},"end":{"line":10,"column":3}},"loc":{"start":{"line":10,"column":16},"end":{"line":12,"column":3}},"line":10},"1":{"name":"(anonymous_1)","decl":{"start":{"line":14,"column":2},"end":{"line":14,"column":3}},"loc":{"start":{"line":14,"column":18},"end":{"line":24,"column":3}},"line":14},"2":{"name":"(anonymous_2)","decl":{"start":{"line":27,"column":2},"end":{"line":27,"column":3}},"loc":{"start":{"line":27,"column":16},"end":{"line":42,"column":3}},"line":27},"3":{"name":"(anonymous_3)","decl":{"start":{"line":43,"column":0},"end":{"line":43,"column":1}},"loc":{"start":{"line":44,"column":0},"end":{"line":53,"column":1}},"line":44}},"branchMap":{"0":{"loc":{"start":{"line":18,"column":6},"end":{"line":20,"column":7}},"type":"if","locations":[{"start":{"line":18,"column":6},"end":{"line":20,"column":7}},{"start":{"line":18,"column":6},"end":{"line":20,"column":7}}],"line":18},"1":{"loc":{"start":{"line":30,"column":0},"end":{"line":34,"column":1}},"type":"if","locations":[{"start":{"line":30,"column":0},"end":{"line":34,"column":1}},{"start":{"line":30,"column":0},"end":{"line":34,"column":1}}],"line":30}},"s":{"0":1,"1":8,"2":2,"3":2,"4":2,"5":2,"6":1,"7":1,"8":1,"9":11,"10":11,"11":7,"12":7,"13":4,"14":4,"15":1,"16":4,"17":4,"18":4,"19":4,"20":4,"21":9,"22":9,"23":4,"24":4,"25":1,"26":1,"27":1,"28":1,"29":1,"30":1},"f":{"0":8,"1":2,"2":11,"3":4},"b":{"0":[1,1],"1":[7,4]},"_coverageSchema":"1a1c01bbd47fc00a2c39e90264f33305004495a9","hash":"28d4fc4fd2eac44c6f88aa813b286cd3ecdc0504"}
}
