TN:
SF:challenges/linkedlist/node.js
FN:2,(anonymous_0)
FNF:1
FNH:1
FNDA:11,(anonymous_0)
DA:3,11
DA:4,11
DA:7,1
LF:3
LH:3
BRF:0
BRH:0
end_of_record
TN:
SF:challenges/linkedlist/lib/linkedList.js
FN:10,(anonymous_0)
FN:14,(anonymous_1)
FN:27,(anonymous_2)
FN:43,(anonymous_3)
FNF:4
FNH:4
FNDA:8,(anonymous_0)
FNDA:2,(anonymous_1)
FNDA:11,(anonymous_2)
FNDA:4,(anonymous_3)
DA:8,1
DA:11,8
DA:15,2
DA:16,2
DA:17,2
DA:18,2
DA:19,1
DA:21,1
DA:23,1
DA:28,11
DA:30,11
DA:32,7
DA:33,7
DA:35,4
DA:36,4
DA:38,1
DA:40,4
DA:41,4
DA:45,4
DA:46,4
DA:47,4
DA:48,9
DA:49,9
DA:51,4
DA:52,4
DA:55,1
DA:57,1
DA:58,1
DA:59,1
DA:60,1
DA:66,1
LF:31
LH:31
BRDA:18,0,0,1
BRDA:18,0,1,1
BRDA:30,1,0,7
BRDA:30,1,1,4
BRF:4
BRH:4
end_of_record
